<?xml version="1.0" encoding="UTF-8"?>
<testsuite name="com.example.app.service.AuthServiceTest" tests="4" skipped="0" failures="0" errors="0" timestamp="2026-08-27T11:54:44" hostname="apix-dev" time="1.992">
  <properties/>
  <testcase name="duplicateRegistrationIsRejected()" classname="com.example.app.service.AuthServiceTest" time="0.937"/>
  <testcase name="loginReturnsTokenButNoPassword()" classname="com.example.app.service.AuthServiceTest" time="0.417"/>
  <testcase name="registrationHashesPasswordAndNormalizesEmail()" classname="com.example.app.service.AuthServiceTest" time="0.404"/>
  <testcase name="invalidPasswordIsRejected()" classname="com.example.app.service.AuthServiceTest" time="0.218"/>
  <system-out><![CDATA[2026-08-27T11:54:45.796Z  INFO 331798 --- [app] [    Test worker] com.example.app.service.AuthService      : Successful login for user id id1
2026-08-27T11:54:45.962Z  INFO 331798 --- [app] [    Test worker] com.example.app.service.AuthService      : User registration completed for user id id1
2026-08-27T11:54:46.430Z  WARN 331798 --- [app] [    Test worker] com.example.app.service.AuthService      : Rejected login attempt
]]></system-out>
  <system-err><![CDATA[]]></system-err>
</testsuite>
