<?xml version="1.0" encoding="UTF-8"?>
<testsuite name="com.example.app.ApiIntegrationTest" tests="1" skipped="0" failures="0" errors="0" timestamp="2026-08-27T11:54:40" hostname="apix-dev" time="3.603">
  <properties/>
  <testcase name="registerLoginCrudAndValidationFlow()" classname="com.example.app.ApiIntegrationTest" time="3.603"/>
  <system-out><![CDATA[11:54:27.879 [Test worker] INFO org.springframework.test.context.support.AnnotationConfigContextLoaderUtils -- Could not detect default configuration classes for test class [com.example.app.ApiIntegrationTest]: ApiIntegrationTest does not declare any static, non-private, non-final, nested classes annotated with @Configuration.
11:54:28.311 [Test worker] INFO org.springframework.boot.test.context.SpringBootTestContextBootstrapper -- Found @SpringBootConfiguration com.example.app.AppApplication for test class com.example.app.ApiIntegrationTest

  .   ____          _            __ _ _
 /\\ / ___'_ __ _ _(_)_ __  __ _ \ \ \ \
( ( )\___ | '_ | '_| | '_ \/ _` | \ \ \ \
 \\/  ___)| |_)| | | | | || (_| |  ) ) ) )
  '  |____| .__|_| |_|_| |_\__, | / / / /
 =========|_|==============|___/=/_/_/_/

 :: Spring Boot ::                (v3.3.5)

2026-08-27T11:54:29.802Z  INFO 331798 --- [app] [    Test worker] com.example.app.ApiIntegrationTest       : Starting ApiIntegrationTest using Java 21.0.12.1 with PID 331798 (started by himanshu.jangra in /home/himanshu.jangra/backendX/backend/outputs/51e2a1a9-e006-4216-82d6-c3ae6dd51467)
2026-08-27T11:54:29.805Z  INFO 331798 --- [app] [    Test worker] com.example.app.ApiIntegrationTest       : No active profile set, falling back to 1 default profile: "default"
2026-08-27T11:54:33.633Z  INFO 331798 --- [app] [    Test worker] .s.d.r.c.RepositoryConfigurationDelegate : Bootstrapping Spring Data MongoDB repositories in DEFAULT mode.
2026-08-27T11:54:33.792Z  INFO 331798 --- [app] [    Test worker] .s.d.r.c.RepositoryConfigurationDelegate : Finished Spring Data repository scanning in 148 ms. Found 1 MongoDB repository interface.
2026-08-27T11:54:35.709Z  INFO 331798 --- [app] [    Test worker] org.mongodb.driver.client                : MongoClient with metadata {"driver": {"name": "mongo-java-driver|sync|spring-boot", "version": "5.0.1"}, "os": {"type": "Linux", "name": "Linux", "architecture": "amd64", "version": "6.12.105+deb13-cloud-amd64"}, "platform": "Java/Debian/21.0.12.1+1-1-deb13u1-Debian"} created with settings MongoClientSettings{readPreference=primary, writeConcern=WriteConcern{w=null, wTimeout=null ms, journal=null}, retryWrites=true, retryReads=true, readConcern=ReadConcern{level=null}, credential=null, transportSettings=null, commandListeners=[io.micrometer.core.instrument.binder.mongodb.MongoMetricsCommandListener@14be750c], codecRegistry=ProvidersCodecRegistry{codecProviders=[ValueCodecProvider{}, BsonValueCodecProvider{}, DBRefCodecProvider{}, DBObjectCodecProvider{}, DocumentCodecProvider{}, CollectionCodecProvider{}, IterableCodecProvider{}, MapCodecProvider{}, GeoJsonCodecProvider{}, GridFSFileCodecProvider{}, Jsr310CodecProvider{}, JsonObjectCodecProvider{}, BsonCodecProvider{}, EnumCodecProvider{}, com.mongodb.client.model.mql.ExpressionCodecProvider@58882a93, com.mongodb.Jep395RecordCodecProvider@15e08615, com.mongodb.KotlinCodecProvider@19dac2d6]}, loggerSettings=LoggerSettings{maxDocumentLength=1000}, clusterSettings={hosts=[localhost:27017], srvServiceName=mongodb, mode=SINGLE, requiredClusterType=UNKNOWN, requiredReplicaSetName='null', serverSelector='null', clusterListeners='[]', serverSelectionTimeout='30000 ms', localThreshold='15 ms'}, socketSettings=SocketSettings{connectTimeoutMS=10000, readTimeoutMS=0, receiveBufferSize=0, proxySettings=ProxySettings{host=null, port=null, username=null, password=null}}, heartbeatSocketSettings=SocketSettings{connectTimeoutMS=10000, readTimeoutMS=10000, receiveBufferSize=0, proxySettings=ProxySettings{host=null, port=null, username=null, password=null}}, connectionPoolSettings=ConnectionPoolSettings{maxSize=100, minSize=0, maxWaitTimeMS=120000, maxConnectionLifeTimeMS=0, maxConnectionIdleTimeMS=0, maintenanceInitialDelayMS=0, maintenanceFrequencyMS=60000, connectionPoolListeners=[io.micrometer.core.instrument.binder.mongodb.MongoMetricsConnectionPoolListener@7e2bc2f4], maxConnecting=2}, serverSettings=ServerSettings{heartbeatFrequencyMS=10000, minHeartbeatFrequencyMS=500, serverListeners='[]', serverMonitorListeners='[]'}, sslSettings=SslSettings{enabled=false, invalidHostNameAllowed=false, context=null}, applicationName='null', compressorList=[], uuidRepresentation=JAVA_LEGACY, serverApi=null, autoEncryptionSettings=null, dnsClient=null, inetAddressResolver=null, contextProvider=null}
2026-08-27T11:54:35.739Z  INFO 331798 --- [app] [localhost:27017] org.mongodb.driver.cluster               : Monitor thread successfully connected to server with description ServerDescription{address=localhost:27017, type=STANDALONE, state=CONNECTED, ok=true, minWireVersion=0, maxWireVersion=28, maxDocumentSize=16777216, logicalSessionTimeoutMinutes=30, roundTripTimeNanos=73772200}
2026-08-27T11:54:37.552Z  INFO 331798 --- [app] [    Test worker] r$InitializeUserDetailsManagerConfigurer : Global AuthenticationManager configured with UserDetailsService bean with name userDetailsServiceImpl
2026-08-27T11:54:38.335Z  INFO 331798 --- [app] [    Test worker] o.s.b.a.e.web.EndpointLinksResolver      : Exposing 2 endpoints beneath base path '/actuator'
2026-08-27T11:54:39.662Z  INFO 331798 --- [app] [    Test worker] o.s.b.t.m.w.SpringBootMockServletContext : Initializing Spring TestDispatcherServlet ''
2026-08-27T11:54:39.664Z  INFO 331798 --- [app] [    Test worker] o.s.t.web.servlet.TestDispatcherServlet  : Initializing Servlet ''
2026-08-27T11:54:39.670Z  INFO 331798 --- [app] [    Test worker] o.s.t.web.servlet.TestDispatcherServlet  : Completed initialization in 6 ms
2026-08-27T11:54:39.860Z  INFO 331798 --- [app] [    Test worker] com.example.app.ApiIntegrationTest       : Started ApiIntegrationTest in 11.036 seconds (process running for 14.324)
2026-08-27T11:54:43.117Z  INFO 331798 --- [app] [    Test worker] com.example.app.service.AuthService      : User registration completed for user id 6a9025839212951d06a4d8c8
2026-08-27T11:54:43.715Z  INFO 331798 --- [app] [    Test worker] com.example.app.service.AuthService      : Successful login for user id 6a9025839212951d06a4d8c8
2026-08-27T11:54:43.988Z  INFO 331798 --- [app] [    Test worker] com.example.app.service.UserService      : Updated user id 6a9025839212951d06a4d8c8
2026-08-27T11:54:44.080Z  INFO 331798 --- [app] [    Test worker] com.example.app.service.UserService      : Deleted user id 6a9025839212951d06a4d8c8
]]></system-out>
  <system-err><![CDATA[WARNING: A Java agent has been loaded dynamically (/home/himanshu.jangra/.gradle/caches/modules-2/files-2.1/net.bytebuddy/byte-buddy-agent/1.14.19/154da3a65b4f4a909d3e5bdec55d1b2b4cbb6ce1/byte-buddy-agent-1.14.19.jar)
WARNING: If a serviceability tool is in use, please run with -XX:+EnableDynamicAgentLoading to hide this warning
WARNING: If a serviceability tool is not in use, please run with -Djdk.instrument.traceUsage for more information
WARNING: Dynamic loading of agents will be disallowed by default in a future release
]]></system-err>
</testsuite>
